[2014-04-17 18:25:58,211] ERROR Closing socket for /127.0.0.1 because of error (kafka.network.Processor)
java.io.IOException: Connection reset by peer
	at sun.nio.ch.FileDispatcherImpl.read0(Native Method)
	at sun.nio.ch.SocketDispatcher.read(SocketDispatcher.java:39)
	at sun.nio.ch.IOUtil.readIntoNativeBuffer(IOUtil.java:223)
	at sun.nio.ch.IOUtil.read(IOUtil.java:197)
	at sun.nio.ch.SocketChannelImpl.read(SocketChannelImpl.java:379)
	at kafka.utils.Utils$.read(Utils.scala:375)
	at kafka.network.BoundedByteBufferReceive.readFrom(BoundedByteBufferReceive.scala:54)
	at kafka.network.Processor.read(SocketServer.scala:347)
	at kafka.network.Processor.run(SocketServer.scala:245)
	at java.lang.Thread.run(Thread.java:744)
[2014-04-17 18:36:18,486] ERROR Closing socket for /127.0.0.1 because of error (kafka.network.Processor)
java.io.IOException: Connection reset by peer
	at sun.nio.ch.FileDispatcherImpl.read0(Native Method)
	at sun.nio.ch.SocketDispatcher.read(SocketDispatcher.java:39)
	at sun.nio.ch.IOUtil.readIntoNativeBuffer(IOUtil.java:223)
	at sun.nio.ch.IOUtil.read(IOUtil.java:197)
	at sun.nio.ch.SocketChannelImpl.read(SocketChannelImpl.java:379)
	at kafka.utils.Utils$.read(Utils.scala:375)
	at kafka.network.BoundedByteBufferReceive.readFrom(BoundedByteBufferReceive.scala:54)
	at kafka.network.Processor.read(SocketServer.scala:347)
	at kafka.network.Processor.run(SocketServer.scala:245)
	at java.lang.Thread.run(Thread.java:744)
[2014-04-17 18:36:23,220] INFO Closing socket connection to /127.0.0.1. (kafka.network.Processor)
[2014-04-17 18:36:27,767] INFO [Kafka Server 0], shutting down (kafka.server.KafkaServer)
[2014-04-17 18:36:27,787] INFO [Socket Server on Broker 0], Shutting down (kafka.network.SocketServer)
[2014-04-17 18:36:27,818] INFO [Socket Server on Broker 0], Shutdown completed (kafka.network.SocketServer)
[2014-04-17 18:36:27,833] INFO [Kafka Request Handler on Broker 0], shutting down (kafka.server.KafkaRequestHandlerPool)
[2014-04-17 18:36:27,836] INFO [Kafka Request Handler on Broker 0], shut down completely (kafka.server.KafkaRequestHandlerPool)
[2014-04-17 18:36:27,939] INFO [Replica Manager on Broker 0]: Shut down (kafka.server.ReplicaManager)
[2014-04-17 18:36:27,940] INFO [ReplicaFetcherManager on broker 0] shutting down (kafka.server.ReplicaFetcherManager)
[2014-04-17 18:36:27,941] INFO [ReplicaFetcherManager on broker 0] shutdown completed (kafka.server.ReplicaFetcherManager)
[2014-04-17 18:36:27,943] INFO [Replica Manager on Broker 0]: Shutted down completely (kafka.server.ReplicaManager)
