2014-04-20 01:53:33 ZooKeeper [INFO] Client environment:zookeeper.version=3.3.3-1073969, built on 02/23/2011 22:27 GMT
2014-04-20 01:53:33 ZooKeeper [INFO] Client environment:host.name=localhost.localdomain
2014-04-20 01:53:33 ZooKeeper [INFO] Client environment:java.version=1.7.0_51
2014-04-20 01:53:33 ZooKeeper [INFO] Client environment:java.vendor=Oracle Corporation
2014-04-20 01:53:33 ZooKeeper [INFO] Client environment:java.home=/usr/java/jdk1.7.0_51/jre
2014-04-20 01:53:33 ZooKeeper [INFO] Client environment:java.class.path=/home/santosh/Cryus/storm-0.8.2/storm-0.8.2.jar:/home/santosh/Cryus/storm-0.8.2/lib/curator-client-1.0.1.jar:/home/santosh/Cryus/storm-0.8.2/lib/ring-jetty-adapter-0.3.11.jar:/home/santosh/Cryus/storm-0.8.2/lib/commons-codec-1.4.jar:/home/santosh/Cryus/storm-0.8.2/lib/tools.cli-0.2.2.jar:/home/santosh/Cryus/storm-0.8.2/lib/jetty-6.1.26.jar:/home/santosh/Cryus/storm-0.8.2/lib/tools.logging-0.2.3.jar:/home/santosh/Cryus/storm-0.8.2/lib/snakeyaml-1.9.jar:/home/santosh/Cryus/storm-0.8.2/lib/kryo-2.17.jar:/home/santosh/Cryus/storm-0.8.2/lib/ring-servlet-0.3.11.jar:/home/santosh/Cryus/storm-0.8.2/lib/jetty-util-6.1.26.jar:/home/santosh/Cryus/storm-0.8.2/lib/asm-4.0.jar:/home/santosh/Cryus/storm-0.8.2/lib/libthrift7-0.7.0.jar:/home/santosh/Cryus/storm-0.8.2/lib/httpclient-4.1.1.jar:/home/santosh/Cryus/storm-0.8.2/lib/log4j-1.2.16.jar:/home/santosh/Cryus/storm-0.8.2/lib/tools.macro-0.1.0.jar:/home/santosh/Cryus/storm-0.8.2/lib/clout-1.0.1.jar:/home/santosh/Cryus/storm-0.8.2/lib/compojure-1.1.3.jar:/home/santosh/Cryus/storm-0.8.2/lib/commons-lang-2.5.jar:/home/santosh/Cryus/storm-0.8.2/lib/commons-exec-1.1.jar:/home/santosh/Cryus/storm-0.8.2/lib/core.incubator-0.1.0.jar:/home/santosh/Cryus/storm-0.8.2/lib/joda-time-2.0.jar:/home/santosh/Cryus/storm-0.8.2/lib/commons-io-1.4.jar:/home/santosh/Cryus/storm-0.8.2/lib/jline-0.9.94.jar:/home/santosh/Cryus/storm-0.8.2/lib/httpcore-4.1.jar:/home/santosh/Cryus/storm-0.8.2/lib/clojure-1.4.0.jar:/home/santosh/Cryus/storm-0.8.2/lib/slf4j-log4j12-1.5.8.jar:/home/santosh/Cryus/storm-0.8.2/lib/hiccup-0.3.6.jar:/home/santosh/Cryus/storm-0.8.2/lib/servlet-api-2.5-20081211.jar:/home/santosh/Cryus/storm-0.8.2/lib/minlog-1.2.jar:/home/santosh/Cryus/storm-0.8.2/lib/slf4j-api-1.5.8.jar:/home/santosh/Cryus/storm-0.8.2/lib/json-simple-1.1.jar:/home/santosh/Cryus/storm-0.8.2/lib/disruptor-2.10.1.jar:/home/santosh/Cryus/storm-0.8.2/lib/jzmq-2.1.0.jar:/home/santosh/Cryus/storm-0.8.2/lib/commons-logging-1.1.1.jar:/home/santosh/Cryus/storm-0.8.2/lib/jgrapht-0.8.3.jar:/home/santosh/Cryus/storm-0.8.2/lib/math.numeric-tower-0.0.1.jar:/home/santosh/Cryus/storm-0.8.2/lib/guava-13.0.jar:/home/santosh/Cryus/storm-0.8.2/lib/zookeeper-3.3.3.jar:/home/santosh/Cryus/storm-0.8.2/lib/clj-time-0.4.1.jar:/home/santosh/Cryus/storm-0.8.2/lib/commons-fileupload-1.2.1.jar:/home/santosh/Cryus/storm-0.8.2/lib/servlet-api-2.5.jar:/home/santosh/Cryus/storm-0.8.2/lib/reflectasm-1.07-shaded.jar:/home/santosh/Cryus/storm-0.8.2/lib/curator-framework-1.0.1.jar:/home/santosh/Cryus/storm-0.8.2/lib/junit-3.8.1.jar:/home/santosh/Cryus/storm-0.8.2/lib/carbonite-1.5.0.jar:/home/santosh/Cryus/storm-0.8.2/lib/ring-core-1.1.5.jar:/home/santosh/Cryus/storm-0.8.2/lib/objenesis-1.2.jar:/home/santosh/Cryus/storm-0.8.2/log4j:/home/santosh/Cryus/storm-0.8.2/conf
2014-04-20 01:53:33 ZooKeeper [INFO] Client environment:java.library.path=/usr/local/lib:/opt/local/lib:/usr/lib
2014-04-20 01:53:33 ZooKeeper [INFO] Client environment:java.io.tmpdir=/tmp
2014-04-20 01:53:33 ZooKeeper [INFO] Client environment:java.compiler=<NA>
2014-04-20 01:53:33 ZooKeeper [INFO] Client environment:os.name=Linux
2014-04-20 01:53:33 ZooKeeper [INFO] Client environment:os.arch=amd64
2014-04-20 01:53:33 ZooKeeper [INFO] Client environment:os.version=3.13.9-100.fc19.x86_64
2014-04-20 01:53:33 ZooKeeper [INFO] Client environment:user.name=root
2014-04-20 01:53:33 ZooKeeper [INFO] Client environment:user.home=/root
2014-04-20 01:53:33 ZooKeeper [INFO] Client environment:user.dir=/home/santosh/Cryus/storm-0.8.2
2014-04-20 01:53:33 ZooKeeperServer [INFO] Server environment:zookeeper.version=3.3.3-1073969, built on 02/23/2011 22:27 GMT
2014-04-20 01:53:33 ZooKeeperServer [INFO] Server environment:host.name=localhost.localdomain
2014-04-20 01:53:33 ZooKeeperServer [INFO] Server environment:java.version=1.7.0_51
2014-04-20 01:53:33 ZooKeeperServer [INFO] Server environment:java.vendor=Oracle Corporation
2014-04-20 01:53:33 ZooKeeperServer [INFO] Server environment:java.home=/usr/java/jdk1.7.0_51/jre
2014-04-20 01:53:33 ZooKeeperServer [INFO] Server environment:java.class.path=/home/santosh/Cryus/storm-0.8.2/storm-0.8.2.jar:/home/santosh/Cryus/storm-0.8.2/lib/curator-client-1.0.1.jar:/home/santosh/Cryus/storm-0.8.2/lib/ring-jetty-adapter-0.3.11.jar:/home/santosh/Cryus/storm-0.8.2/lib/commons-codec-1.4.jar:/home/santosh/Cryus/storm-0.8.2/lib/tools.cli-0.2.2.jar:/home/santosh/Cryus/storm-0.8.2/lib/jetty-6.1.26.jar:/home/santosh/Cryus/storm-0.8.2/lib/tools.logging-0.2.3.jar:/home/santosh/Cryus/storm-0.8.2/lib/snakeyaml-1.9.jar:/home/santosh/Cryus/storm-0.8.2/lib/kryo-2.17.jar:/home/santosh/Cryus/storm-0.8.2/lib/ring-servlet-0.3.11.jar:/home/santosh/Cryus/storm-0.8.2/lib/jetty-util-6.1.26.jar:/home/santosh/Cryus/storm-0.8.2/lib/asm-4.0.jar:/home/santosh/Cryus/storm-0.8.2/lib/libthrift7-0.7.0.jar:/home/santosh/Cryus/storm-0.8.2/lib/httpclient-4.1.1.jar:/home/santosh/Cryus/storm-0.8.2/lib/log4j-1.2.16.jar:/home/santosh/Cryus/storm-0.8.2/lib/tools.macro-0.1.0.jar:/home/santosh/Cryus/storm-0.8.2/lib/clout-1.0.1.jar:/home/santosh/Cryus/storm-0.8.2/lib/compojure-1.1.3.jar:/home/santosh/Cryus/storm-0.8.2/lib/commons-lang-2.5.jar:/home/santosh/Cryus/storm-0.8.2/lib/commons-exec-1.1.jar:/home/santosh/Cryus/storm-0.8.2/lib/core.incubator-0.1.0.jar:/home/santosh/Cryus/storm-0.8.2/lib/joda-time-2.0.jar:/home/santosh/Cryus/storm-0.8.2/lib/commons-io-1.4.jar:/home/santosh/Cryus/storm-0.8.2/lib/jline-0.9.94.jar:/home/santosh/Cryus/storm-0.8.2/lib/httpcore-4.1.jar:/home/santosh/Cryus/storm-0.8.2/lib/clojure-1.4.0.jar:/home/santosh/Cryus/storm-0.8.2/lib/slf4j-log4j12-1.5.8.jar:/home/santosh/Cryus/storm-0.8.2/lib/hiccup-0.3.6.jar:/home/santosh/Cryus/storm-0.8.2/lib/servlet-api-2.5-20081211.jar:/home/santosh/Cryus/storm-0.8.2/lib/minlog-1.2.jar:/home/santosh/Cryus/storm-0.8.2/lib/slf4j-api-1.5.8.jar:/home/santosh/Cryus/storm-0.8.2/lib/json-simple-1.1.jar:/home/santosh/Cryus/storm-0.8.2/lib/disruptor-2.10.1.jar:/home/santosh/Cryus/storm-0.8.2/lib/jzmq-2.1.0.jar:/home/santosh/Cryus/storm-0.8.2/lib/commons-logging-1.1.1.jar:/home/santosh/Cryus/storm-0.8.2/lib/jgrapht-0.8.3.jar:/home/santosh/Cryus/storm-0.8.2/lib/math.numeric-tower-0.0.1.jar:/home/santosh/Cryus/storm-0.8.2/lib/guava-13.0.jar:/home/santosh/Cryus/storm-0.8.2/lib/zookeeper-3.3.3.jar:/home/santosh/Cryus/storm-0.8.2/lib/clj-time-0.4.1.jar:/home/santosh/Cryus/storm-0.8.2/lib/commons-fileupload-1.2.1.jar:/home/santosh/Cryus/storm-0.8.2/lib/servlet-api-2.5.jar:/home/santosh/Cryus/storm-0.8.2/lib/reflectasm-1.07-shaded.jar:/home/santosh/Cryus/storm-0.8.2/lib/curator-framework-1.0.1.jar:/home/santosh/Cryus/storm-0.8.2/lib/junit-3.8.1.jar:/home/santosh/Cryus/storm-0.8.2/lib/carbonite-1.5.0.jar:/home/santosh/Cryus/storm-0.8.2/lib/ring-core-1.1.5.jar:/home/santosh/Cryus/storm-0.8.2/lib/objenesis-1.2.jar:/home/santosh/Cryus/storm-0.8.2/log4j:/home/santosh/Cryus/storm-0.8.2/conf
2014-04-20 01:53:33 ZooKeeperServer [INFO] Server environment:java.library.path=/usr/local/lib:/opt/local/lib:/usr/lib
2014-04-20 01:53:33 ZooKeeperServer [INFO] Server environment:java.io.tmpdir=/tmp
2014-04-20 01:53:33 ZooKeeperServer [INFO] Server environment:java.compiler=<NA>
2014-04-20 01:53:33 ZooKeeperServer [INFO] Server environment:os.name=Linux
2014-04-20 01:53:33 ZooKeeperServer [INFO] Server environment:os.arch=amd64
2014-04-20 01:53:33 ZooKeeperServer [INFO] Server environment:os.version=3.13.9-100.fc19.x86_64
2014-04-20 01:53:33 ZooKeeperServer [INFO] Server environment:user.name=root
2014-04-20 01:53:33 ZooKeeperServer [INFO] Server environment:user.home=/root
2014-04-20 01:53:33 ZooKeeperServer [INFO] Server environment:user.dir=/home/santosh/Cryus/storm-0.8.2
2014-04-20 01:53:35 supervisor [INFO] Starting Supervisor with conf {"dev.zookeeper.path" "/tmp/dev-storm-zookeeper", "topology.tick.tuple.freq.secs" nil, "topology.fall.back.on.java.serialization" true, "topology.max.error.report.per.interval" 5, "zmq.linger.millis" 5000, "topology.skip.missing.kryo.registrations" false, "ui.childopts" "-Xmx768m", "storm.zookeeper.session.timeout" 20000, "nimbus.reassign" true, "topology.trident.batch.emit.interval.millis" 500, "nimbus.monitor.freq.secs" 10, "java.library.path" "/usr/local/lib:/opt/local/lib:/usr/lib", "topology.executor.send.buffer.size" 1024, "storm.local.dir" "/var/stormtmp", "supervisor.worker.start.timeout.secs" 120, "topology.enable.message.timeouts" true, "nimbus.cleanup.inbox.freq.secs" 600, "nimbus.inbox.jar.expiration.secs" 3600, "drpc.worker.threads" 64, "topology.worker.shared.thread.pool.size" 4, "nimbus.host" "localhost", "storm.zookeeper.port" 2181, "transactional.zookeeper.port" nil, "topology.executor.receive.buffer.size" 1024, "transactional.zookeeper.servers" nil, "storm.zookeeper.root" "/storm", "supervisor.enable" true, "storm.zookeeper.servers" ["localhost"], "transactional.zookeeper.root" "/transactional", "topology.acker.executors" 1, "topology.transfer.buffer.size" 1024, "topology.worker.childopts" nil, "drpc.queue.size" 128, "worker.childopts" "-Xmx768m", "supervisor.heartbeat.frequency.secs" 5, "topology.error.throttle.interval.secs" 10, "zmq.hwm" 0, "drpc.port" 3772, "supervisor.monitor.frequency.secs" 3, "topology.receiver.buffer.size" 8, "task.heartbeat.frequency.secs" 3, "topology.tasks" nil, "topology.spout.wait.strategy" "backtype.storm.spout.SleepSpoutWaitStrategy", "topology.max.spout.pending" nil, "storm.zookeeper.retry.interval" 1000, "topology.sleep.spout.wait.strategy.time.ms" 1, "nimbus.topology.validator" "backtype.storm.nimbus.DefaultTopologyValidator", "supervisor.slots.ports" [6700 6701 6702 6703], "topology.debug" false, "nimbus.task.launch.secs" 120, "nimbus.supervisor.timeout.secs" 60, "topology.message.timeout.secs" 30, "task.refresh.poll.secs" 10, "topology.workers" 1, "supervisor.childopts" "-Xmx256m", "nimbus.thrift.port" 6627, "topology.stats.sample.rate" 0.05, "worker.heartbeat.frequency.secs" 1, "topology.acker.tasks" nil, "topology.disruptor.wait.strategy" "com.lmax.disruptor.BlockingWaitStrategy", "nimbus.task.timeout.secs" 30, "storm.zookeeper.connection.timeout" 15000, "topology.kryo.factory" "backtype.storm.serialization.DefaultKryoFactory", "drpc.invocations.port" 3773, "zmq.threads" 1, "storm.zookeeper.retry.times" 5, "topology.state.synchronization.timeout.secs" 60, "supervisor.worker.timeout.secs" 30, "nimbus.file.copy.expiration.secs" 600, "drpc.request.timeout.secs" 600, "storm.local.mode.zmq" false, "ui.port" 8080, "nimbus.childopts" "-Xmx1024m", "storm.cluster.mode" "distributed", "topology.optimize" true, "topology.max.task.parallelism" nil}
2014-04-20 01:53:36 CuratorFrameworkImpl [INFO] Starting
2014-04-20 01:53:36 ZooKeeper [INFO] Initiating client connection, connectString=localhost:2181 sessionTimeout=20000 watcher=com.netflix.curator.ConnectionState@4705439b
2014-04-20 01:53:36 ClientCnxn [INFO] Opening socket connection to server localhost/127.0.0.1:2181
2014-04-20 01:53:36 ClientCnxn [INFO] Socket connection established to localhost/127.0.0.1:2181, initiating session
2014-04-20 01:53:37 ClientCnxn [INFO] Session establishment complete on server localhost/127.0.0.1:2181, sessionid = 0x1457ae77b3c0006, negotiated timeout = 20000
2014-04-20 01:53:37 zookeeper [INFO] Zookeeper state update: :connected:none
2014-04-20 01:53:37 ZooKeeper [INFO] Session: 0x1457ae77b3c0006 closed
2014-04-20 01:53:37 ClientCnxn [INFO] EventThread shut down
2014-04-20 01:53:37 CuratorFrameworkImpl [INFO] Starting
2014-04-20 01:53:37 ZooKeeper [INFO] Initiating client connection, connectString=localhost:2181/storm sessionTimeout=20000 watcher=com.netflix.curator.ConnectionState@3fd3a3bc
2014-04-20 01:53:37 ClientCnxn [INFO] Opening socket connection to server localhost/127.0.0.1:2181
2014-04-20 01:53:37 ClientCnxn [INFO] Socket connection established to localhost/127.0.0.1:2181, initiating session
2014-04-20 01:53:37 ClientCnxn [INFO] Session establishment complete on server localhost/127.0.0.1:2181, sessionid = 0x1457ae77b3c0007, negotiated timeout = 20000
2014-04-20 01:53:37 supervisor [INFO] Starting supervisor with id fe59827c-945f-4f98-812e-f24e4514f5ba at host localhost.localdomain
2014-04-20 03:01:07 ZooKeeper [INFO] Client environment:zookeeper.version=3.3.3-1073969, built on 02/23/2011 22:27 GMT
2014-04-20 03:01:07 ZooKeeper [INFO] Client environment:host.name=localhost.localdomain
2014-04-20 03:01:07 ZooKeeper [INFO] Client environment:java.version=1.7.0_51
2014-04-20 03:01:07 ZooKeeper [INFO] Client environment:java.vendor=Oracle Corporation
2014-04-20 03:01:07 ZooKeeper [INFO] Client environment:java.home=/usr/java/jdk1.7.0_51/jre
2014-04-20 03:01:07 ZooKeeper [INFO] Client environment:java.class.path=/home/santosh/Cryus/storm-0.8.2/storm-0.8.2.jar:/home/santosh/Cryus/storm-0.8.2/lib/curator-client-1.0.1.jar:/home/santosh/Cryus/storm-0.8.2/lib/ring-jetty-adapter-0.3.11.jar:/home/santosh/Cryus/storm-0.8.2/lib/commons-codec-1.4.jar:/home/santosh/Cryus/storm-0.8.2/lib/tools.cli-0.2.2.jar:/home/santosh/Cryus/storm-0.8.2/lib/jetty-6.1.26.jar:/home/santosh/Cryus/storm-0.8.2/lib/tools.logging-0.2.3.jar:/home/santosh/Cryus/storm-0.8.2/lib/snakeyaml-1.9.jar:/home/santosh/Cryus/storm-0.8.2/lib/kryo-2.17.jar:/home/santosh/Cryus/storm-0.8.2/lib/ring-servlet-0.3.11.jar:/home/santosh/Cryus/storm-0.8.2/lib/jetty-util-6.1.26.jar:/home/santosh/Cryus/storm-0.8.2/lib/asm-4.0.jar:/home/santosh/Cryus/storm-0.8.2/lib/libthrift7-0.7.0.jar:/home/santosh/Cryus/storm-0.8.2/lib/httpclient-4.1.1.jar:/home/santosh/Cryus/storm-0.8.2/lib/log4j-1.2.16.jar:/home/santosh/Cryus/storm-0.8.2/lib/tools.macro-0.1.0.jar:/home/santosh/Cryus/storm-0.8.2/lib/clout-1.0.1.jar:/home/santosh/Cryus/storm-0.8.2/lib/compojure-1.1.3.jar:/home/santosh/Cryus/storm-0.8.2/lib/commons-lang-2.5.jar:/home/santosh/Cryus/storm-0.8.2/lib/commons-exec-1.1.jar:/home/santosh/Cryus/storm-0.8.2/lib/core.incubator-0.1.0.jar:/home/santosh/Cryus/storm-0.8.2/lib/joda-time-2.0.jar:/home/santosh/Cryus/storm-0.8.2/lib/commons-io-1.4.jar:/home/santosh/Cryus/storm-0.8.2/lib/jline-0.9.94.jar:/home/santosh/Cryus/storm-0.8.2/lib/httpcore-4.1.jar:/home/santosh/Cryus/storm-0.8.2/lib/clojure-1.4.0.jar:/home/santosh/Cryus/storm-0.8.2/lib/slf4j-log4j12-1.5.8.jar:/home/santosh/Cryus/storm-0.8.2/lib/hiccup-0.3.6.jar:/home/santosh/Cryus/storm-0.8.2/lib/servlet-api-2.5-20081211.jar:/home/santosh/Cryus/storm-0.8.2/lib/minlog-1.2.jar:/home/santosh/Cryus/storm-0.8.2/lib/slf4j-api-1.5.8.jar:/home/santosh/Cryus/storm-0.8.2/lib/json-simple-1.1.jar:/home/santosh/Cryus/storm-0.8.2/lib/disruptor-2.10.1.jar:/home/santosh/Cryus/storm-0.8.2/lib/jzmq-2.1.0.jar:/home/santosh/Cryus/storm-0.8.2/lib/commons-logging-1.1.1.jar:/home/santosh/Cryus/storm-0.8.2/lib/jgrapht-0.8.3.jar:/home/santosh/Cryus/storm-0.8.2/lib/math.numeric-tower-0.0.1.jar:/home/santosh/Cryus/storm-0.8.2/lib/guava-13.0.jar:/home/santosh/Cryus/storm-0.8.2/lib/zookeeper-3.3.3.jar:/home/santosh/Cryus/storm-0.8.2/lib/clj-time-0.4.1.jar:/home/santosh/Cryus/storm-0.8.2/lib/commons-fileupload-1.2.1.jar:/home/santosh/Cryus/storm-0.8.2/lib/servlet-api-2.5.jar:/home/santosh/Cryus/storm-0.8.2/lib/reflectasm-1.07-shaded.jar:/home/santosh/Cryus/storm-0.8.2/lib/curator-framework-1.0.1.jar:/home/santosh/Cryus/storm-0.8.2/lib/junit-3.8.1.jar:/home/santosh/Cryus/storm-0.8.2/lib/carbonite-1.5.0.jar:/home/santosh/Cryus/storm-0.8.2/lib/ring-core-1.1.5.jar:/home/santosh/Cryus/storm-0.8.2/lib/objenesis-1.2.jar:/home/santosh/Cryus/storm-0.8.2/log4j:/home/santosh/Cryus/storm-0.8.2/conf
2014-04-20 03:01:07 ZooKeeper [INFO] Client environment:java.library.path=/usr/local/lib:/opt/local/lib:/usr/lib
2014-04-20 03:01:07 ZooKeeper [INFO] Client environment:java.io.tmpdir=/tmp
2014-04-20 03:01:07 ZooKeeper [INFO] Client environment:java.compiler=<NA>
2014-04-20 03:01:07 ZooKeeper [INFO] Client environment:os.name=Linux
2014-04-20 03:01:07 ZooKeeper [INFO] Client environment:os.arch=amd64
2014-04-20 03:01:07 ZooKeeper [INFO] Client environment:os.version=3.13.9-100.fc19.x86_64
2014-04-20 03:01:07 ZooKeeper [INFO] Client environment:user.name=root
2014-04-20 03:01:07 ZooKeeper [INFO] Client environment:user.home=/root
2014-04-20 03:01:07 ZooKeeper [INFO] Client environment:user.dir=/home/santosh/Cryus/storm-0.8.2
2014-04-20 03:01:07 ZooKeeperServer [INFO] Server environment:zookeeper.version=3.3.3-1073969, built on 02/23/2011 22:27 GMT
2014-04-20 03:01:07 ZooKeeperServer [INFO] Server environment:host.name=localhost.localdomain
2014-04-20 03:01:07 ZooKeeperServer [INFO] Server environment:java.version=1.7.0_51
2014-04-20 03:01:07 ZooKeeperServer [INFO] Server environment:java.vendor=Oracle Corporation
2014-04-20 03:01:07 ZooKeeperServer [INFO] Server environment:java.home=/usr/java/jdk1.7.0_51/jre
2014-04-20 03:01:07 ZooKeeperServer [INFO] Server environment:java.class.path=/home/santosh/Cryus/storm-0.8.2/storm-0.8.2.jar:/home/santosh/Cryus/storm-0.8.2/lib/curator-client-1.0.1.jar:/home/santosh/Cryus/storm-0.8.2/lib/ring-jetty-adapter-0.3.11.jar:/home/santosh/Cryus/storm-0.8.2/lib/commons-codec-1.4.jar:/home/santosh/Cryus/storm-0.8.2/lib/tools.cli-0.2.2.jar:/home/santosh/Cryus/storm-0.8.2/lib/jetty-6.1.26.jar:/home/santosh/Cryus/storm-0.8.2/lib/tools.logging-0.2.3.jar:/home/santosh/Cryus/storm-0.8.2/lib/snakeyaml-1.9.jar:/home/santosh/Cryus/storm-0.8.2/lib/kryo-2.17.jar:/home/santosh/Cryus/storm-0.8.2/lib/ring-servlet-0.3.11.jar:/home/santosh/Cryus/storm-0.8.2/lib/jetty-util-6.1.26.jar:/home/santosh/Cryus/storm-0.8.2/lib/asm-4.0.jar:/home/santosh/Cryus/storm-0.8.2/lib/libthrift7-0.7.0.jar:/home/santosh/Cryus/storm-0.8.2/lib/httpclient-4.1.1.jar:/home/santosh/Cryus/storm-0.8.2/lib/log4j-1.2.16.jar:/home/santosh/Cryus/storm-0.8.2/lib/tools.macro-0.1.0.jar:/home/santosh/Cryus/storm-0.8.2/lib/clout-1.0.1.jar:/home/santosh/Cryus/storm-0.8.2/lib/compojure-1.1.3.jar:/home/santosh/Cryus/storm-0.8.2/lib/commons-lang-2.5.jar:/home/santosh/Cryus/storm-0.8.2/lib/commons-exec-1.1.jar:/home/santosh/Cryus/storm-0.8.2/lib/core.incubator-0.1.0.jar:/home/santosh/Cryus/storm-0.8.2/lib/joda-time-2.0.jar:/home/santosh/Cryus/storm-0.8.2/lib/commons-io-1.4.jar:/home/santosh/Cryus/storm-0.8.2/lib/jline-0.9.94.jar:/home/santosh/Cryus/storm-0.8.2/lib/httpcore-4.1.jar:/home/santosh/Cryus/storm-0.8.2/lib/clojure-1.4.0.jar:/home/santosh/Cryus/storm-0.8.2/lib/slf4j-log4j12-1.5.8.jar:/home/santosh/Cryus/storm-0.8.2/lib/hiccup-0.3.6.jar:/home/santosh/Cryus/storm-0.8.2/lib/servlet-api-2.5-20081211.jar:/home/santosh/Cryus/storm-0.8.2/lib/minlog-1.2.jar:/home/santosh/Cryus/storm-0.8.2/lib/slf4j-api-1.5.8.jar:/home/santosh/Cryus/storm-0.8.2/lib/json-simple-1.1.jar:/home/santosh/Cryus/storm-0.8.2/lib/disruptor-2.10.1.jar:/home/santosh/Cryus/storm-0.8.2/lib/jzmq-2.1.0.jar:/home/santosh/Cryus/storm-0.8.2/lib/commons-logging-1.1.1.jar:/home/santosh/Cryus/storm-0.8.2/lib/jgrapht-0.8.3.jar:/home/santosh/Cryus/storm-0.8.2/lib/math.numeric-tower-0.0.1.jar:/home/santosh/Cryus/storm-0.8.2/lib/guava-13.0.jar:/home/santosh/Cryus/storm-0.8.2/lib/zookeeper-3.3.3.jar:/home/santosh/Cryus/storm-0.8.2/lib/clj-time-0.4.1.jar:/home/santosh/Cryus/storm-0.8.2/lib/commons-fileupload-1.2.1.jar:/home/santosh/Cryus/storm-0.8.2/lib/servlet-api-2.5.jar:/home/santosh/Cryus/storm-0.8.2/lib/reflectasm-1.07-shaded.jar:/home/santosh/Cryus/storm-0.8.2/lib/curator-framework-1.0.1.jar:/home/santosh/Cryus/storm-0.8.2/lib/junit-3.8.1.jar:/home/santosh/Cryus/storm-0.8.2/lib/carbonite-1.5.0.jar:/home/santosh/Cryus/storm-0.8.2/lib/ring-core-1.1.5.jar:/home/santosh/Cryus/storm-0.8.2/lib/objenesis-1.2.jar:/home/santosh/Cryus/storm-0.8.2/log4j:/home/santosh/Cryus/storm-0.8.2/conf
2014-04-20 03:01:07 ZooKeeperServer [INFO] Server environment:java.library.path=/usr/local/lib:/opt/local/lib:/usr/lib
2014-04-20 03:01:07 ZooKeeperServer [INFO] Server environment:java.io.tmpdir=/tmp
2014-04-20 03:01:07 ZooKeeperServer [INFO] Server environment:java.compiler=<NA>
2014-04-20 03:01:07 ZooKeeperServer [INFO] Server environment:os.name=Linux
2014-04-20 03:01:07 ZooKeeperServer [INFO] Server environment:os.arch=amd64
2014-04-20 03:01:07 ZooKeeperServer [INFO] Server environment:os.version=3.13.9-100.fc19.x86_64
2014-04-20 03:01:07 ZooKeeperServer [INFO] Server environment:user.name=root
2014-04-20 03:01:07 ZooKeeperServer [INFO] Server environment:user.home=/root
2014-04-20 03:01:07 ZooKeeperServer [INFO] Server environment:user.dir=/home/santosh/Cryus/storm-0.8.2
2014-04-20 03:01:08 supervisor [INFO] Starting Supervisor with conf {"dev.zookeeper.path" "/tmp/dev-storm-zookeeper", "topology.tick.tuple.freq.secs" nil, "topology.fall.back.on.java.serialization" true, "topology.max.error.report.per.interval" 5, "zmq.linger.millis" 5000, "topology.skip.missing.kryo.registrations" false, "ui.childopts" "-Xmx768m", "storm.zookeeper.session.timeout" 20000, "nimbus.reassign" true, "topology.trident.batch.emit.interval.millis" 500, "nimbus.monitor.freq.secs" 10, "java.library.path" "/usr/local/lib:/opt/local/lib:/usr/lib", "topology.executor.send.buffer.size" 1024, "storm.local.dir" "/var/stormtmp", "supervisor.worker.start.timeout.secs" 120, "topology.enable.message.timeouts" true, "nimbus.cleanup.inbox.freq.secs" 600, "nimbus.inbox.jar.expiration.secs" 3600, "drpc.worker.threads" 64, "topology.worker.shared.thread.pool.size" 4, "nimbus.host" "localhost", "storm.zookeeper.port" 2181, "transactional.zookeeper.port" nil, "topology.executor.receive.buffer.size" 1024, "transactional.zookeeper.servers" nil, "storm.zookeeper.root" "/storm", "supervisor.enable" true, "storm.zookeeper.servers" ["localhost"], "transactional.zookeeper.root" "/transactional", "topology.acker.executors" 1, "topology.transfer.buffer.size" 1024, "topology.worker.childopts" nil, "drpc.queue.size" 128, "worker.childopts" "-Xmx768m", "supervisor.heartbeat.frequency.secs" 5, "topology.error.throttle.interval.secs" 10, "zmq.hwm" 0, "drpc.port" 3772, "supervisor.monitor.frequency.secs" 3, "topology.receiver.buffer.size" 8, "task.heartbeat.frequency.secs" 3, "topology.tasks" nil, "topology.spout.wait.strategy" "backtype.storm.spout.SleepSpoutWaitStrategy", "topology.max.spout.pending" nil, "storm.zookeeper.retry.interval" 1000, "topology.sleep.spout.wait.strategy.time.ms" 1, "nimbus.topology.validator" "backtype.storm.nimbus.DefaultTopologyValidator", "supervisor.slots.ports" [6700 6701 6702 6703], "topology.debug" false, "nimbus.task.launch.secs" 120, "nimbus.supervisor.timeout.secs" 60, "topology.message.timeout.secs" 30, "task.refresh.poll.secs" 10, "topology.workers" 1, "supervisor.childopts" "-Xmx256m", "nimbus.thrift.port" 6627, "topology.stats.sample.rate" 0.05, "worker.heartbeat.frequency.secs" 1, "topology.acker.tasks" nil, "topology.disruptor.wait.strategy" "com.lmax.disruptor.BlockingWaitStrategy", "nimbus.task.timeout.secs" 30, "storm.zookeeper.connection.timeout" 15000, "topology.kryo.factory" "backtype.storm.serialization.DefaultKryoFactory", "drpc.invocations.port" 3773, "zmq.threads" 1, "storm.zookeeper.retry.times" 5, "topology.state.synchronization.timeout.secs" 60, "supervisor.worker.timeout.secs" 30, "nimbus.file.copy.expiration.secs" 600, "drpc.request.timeout.secs" 600, "storm.local.mode.zmq" false, "ui.port" 8080, "nimbus.childopts" "-Xmx1024m", "storm.cluster.mode" "distributed", "topology.optimize" true, "topology.max.task.parallelism" nil}
2014-04-20 03:01:08 CuratorFrameworkImpl [INFO] Starting
2014-04-20 03:01:08 ZooKeeper [INFO] Initiating client connection, connectString=localhost:2181 sessionTimeout=20000 watcher=com.netflix.curator.ConnectionState@2b9c063d
2014-04-20 03:01:08 ClientCnxn [INFO] Opening socket connection to server localhost/127.0.0.1:2181
2014-04-20 03:01:08 ClientCnxn [INFO] Socket connection established to localhost/127.0.0.1:2181, initiating session
2014-04-20 03:01:08 ClientCnxn [INFO] Session establishment complete on server localhost/127.0.0.1:2181, sessionid = 0x1457be3a63d0003, negotiated timeout = 20000
2014-04-20 03:01:08 zookeeper [INFO] Zookeeper state update: :connected:none
2014-04-20 03:01:08 ZooKeeper [INFO] Session: 0x1457be3a63d0003 closed
2014-04-20 03:01:08 ClientCnxn [INFO] EventThread shut down
2014-04-20 03:01:08 CuratorFrameworkImpl [INFO] Starting
2014-04-20 03:01:08 ZooKeeper [INFO] Initiating client connection, connectString=localhost:2181/storm sessionTimeout=20000 watcher=com.netflix.curator.ConnectionState@7d76591
2014-04-20 03:01:08 ClientCnxn [INFO] Opening socket connection to server localhost/127.0.0.1:2181
2014-04-20 03:01:08 ClientCnxn [INFO] Socket connection established to localhost/127.0.0.1:2181, initiating session
2014-04-20 03:01:08 ClientCnxn [INFO] Session establishment complete on server localhost/127.0.0.1:2181, sessionid = 0x1457be3a63d0004, negotiated timeout = 20000
2014-04-20 03:01:08 supervisor [INFO] Starting supervisor with id fe59827c-945f-4f98-812e-f24e4514f5ba at host localhost.localdomain
2014-04-20 12:12:02 ClientCnxn [INFO] Client session timed out, have not heard from server in 25434749ms for sessionid 0x1457be3a63d0004, closing socket connection and attempting reconnect
2014-04-20 12:12:03 ConnectionStateManager [INFO] State change: SUSPENDED
2014-04-20 12:12:03 ConnectionStateManager [WARN] There are no ConnectionStateListeners registered.
2014-04-20 12:12:03 cluster [WARN] Received event :disconnected::none: with disconnected Zookeeper.
2014-04-20 12:12:04 ClientCnxn [INFO] Opening socket connection to server localhost/127.0.0.1:2181
2014-04-20 12:12:04 ClientCnxn [INFO] Socket connection established to localhost/127.0.0.1:2181, initiating session
2014-04-20 12:12:04 ConnectionState [WARN] Session expired event received
2014-04-20 12:12:04 ClientCnxn [INFO] Unable to reconnect to ZooKeeper service, session 0x1457be3a63d0004 has expired, closing socket connection
2014-04-20 12:12:04 ZooKeeper [INFO] Initiating client connection, connectString=localhost:2181/storm sessionTimeout=20000 watcher=com.netflix.curator.ConnectionState@7d76591
2014-04-20 12:12:04 ClientCnxn [INFO] Opening socket connection to server localhost/127.0.0.1:2181
2014-04-20 12:12:04 ClientCnxn [INFO] Socket connection established to localhost/127.0.0.1:2181, initiating session
2014-04-20 12:12:04 ConnectionStateManager [INFO] State change: LOST
2014-04-20 12:12:04 ConnectionStateManager [WARN] There are no ConnectionStateListeners registered.
2014-04-20 12:12:04 cluster [WARN] Received event :expired::none: with disconnected Zookeeper.
2014-04-20 12:12:04 ClientCnxn [INFO] Session establishment complete on server localhost/127.0.0.1:2181, sessionid = 0x1457be3a63d0005, negotiated timeout = 20000
2014-04-20 12:12:04 ConnectionStateManager [INFO] State change: RECONNECTED
2014-04-20 12:12:04 ConnectionStateManager [WARN] There are no ConnectionStateListeners registered.
2014-04-20 12:12:05 ClientCnxn [INFO] EventThread shut down
